2026-03-04 19:30:30,765 | INFO | Run directory: runs\lambeq_relation_20260304_193030
2026-03-04 19:30:30,766 | INFO | Arguments: {'dataset_csv': WindowsPath('data/relation_extraction_discocat_v2.csv'), 'diagrams_pkl': WindowsPath('data/simplified_bobcat_diagrams_toy_v2.pkl'), 'output_root': WindowsPath('runs'), 'seed': 42, 'log_level': 'INFO', 'parse_log_every': 500, 'circuit_log_every': 500, 'rewrite_log_max_errors': 5, 'batch_size': 16, 'train_log_every_batches': 0, 'max_samples': 0, 'max_circuit_width': 0, 'model_init_split': 'all', 'epochs': 35, 'learning_rate': 0.05, 'weight_decay': 0.0, 'hidden_dim': 32, 'dropout': 0.1, 'val_size': 0.15, 'test_size': 0.15, 'early_stopping_patience': 8, 'n_layers': 1, 'n_single_qubit_params': 3, 'n_qubits_noun': 1, 'n_qubits_sentence': 3, 'n_qubits_preposition': 1, 'n_qubits_other': 1, 'pennylane_backend': 'default.qubit', 'shots': 0, 'kg_confidence_threshold': 0.5, 'epoch_sample_count': 3, 'relation_order': ['lives_in', 'works_at', 'studies_at', 'born_in', 'located_in', 'part_of', 'married_to', 'parent_of', 'owns', 'uses']}
2026-03-04 19:30:30,766 | INFO | Stage: load_samples
2026-03-04 19:30:30,767 | INFO | Loading pre-parsed diagrams from: data\simplified_bobcat_diagrams_toy_v2.pkl
2026-03-04 19:30:32,312 | INFO | Loaded diagram pickle entries: total=3000 valid=3000 skipped=0
2026-03-04 19:30:32,312 | INFO | Loaded sample relations | classes=10 | distribution={'studies_at': 300, 'born_in': 300, 'part_of': 300, 'married_to': 300, 'parent_of': 300, 'uses': 300, 'owns': 300, 'located_in': 300, 'works_at': 300, 'lives_in': 300}
2026-03-04 19:30:32,314 | INFO | Stage complete: load_samples | elapsed=1.55s
2026-03-04 19:30:32,314 | INFO | Stage: preprocess_samples
2026-03-04 19:30:32,321 | INFO | Entity metadata filled from CSV: 0
2026-03-04 19:30:32,323 | INFO | Using relations: ['lives_in', 'works_at', 'studies_at', 'born_in', 'located_in', 'part_of', 'married_to', 'parent_of', 'owns', 'uses']
2026-03-04 19:30:32,324 | INFO | Total samples after filtering: 3000
2026-03-04 19:30:38,915 | INFO | Diagrams simplified with RemoveCupsRewriter: success=3000 failed=0
2026-03-04 19:30:38,915 | INFO | Stage complete: preprocess_samples | elapsed=6.60s
2026-03-04 19:30:38,916 | INFO | Stage: build_circuits
2026-03-04 19:30:42,290 | INFO | Circuit build progress: 500/3000 | kept=500 dropped_width=0 | dynamic_types=0
2026-03-04 19:30:44,626 | INFO | Circuit build progress: 1000/3000 | kept=1000 dropped_width=0 | dynamic_types=0
2026-03-04 19:30:47,165 | INFO | Circuit build progress: 1500/3000 | kept=1500 dropped_width=0 | dynamic_types=0
2026-03-04 19:30:49,586 | INFO | Circuit build progress: 2000/3000 | kept=2000 dropped_width=0 | dynamic_types=0
2026-03-04 19:30:52,225 | INFO | Circuit build progress: 2500/3000 | kept=2500 dropped_width=0 | dynamic_types=0
2026-03-04 19:30:54,137 | INFO | Circuit build progress: 3000/3000 | kept=3000 dropped_width=0 | dynamic_types=0
2026-03-04 19:30:54,140 | INFO | Circuit width stats | min=3 p50=3 p90=3 p95=3 max=3
2026-03-04 19:30:54,140 | INFO | Circuit build summary | input=3000 kept=3000 dropped_width=0 dropped_errors=0
2026-03-04 19:30:54,141 | INFO | Post circuit-filter relations | classes=10 | distribution={'studies_at': 300, 'born_in': 300, 'part_of': 300, 'married_to': 300, 'parent_of': 300, 'uses': 300, 'owns': 300, 'located_in': 300, 'works_at': 300, 'lives_in': 300}
2026-03-04 19:30:54,141 | INFO | Stage complete: build_circuits | elapsed=15.23s | circuits=3000
2026-03-04 19:30:54,141 | INFO | Stage: split_dataset
2026-03-04 19:30:54,150 | INFO | Split sizes | train=2100 val=450 test=450
2026-03-04 19:30:54,150 | INFO | Stage complete: split_dataset | elapsed=0.01s
2026-03-04 19:30:54,151 | INFO | Stage: init_model
2026-03-04 19:30:54,152 | INFO | Model init circuits source=all count=3000
2026-03-04 19:32:19,700 | INFO | Stage complete: init_model | elapsed=85.55s
2026-03-04 19:32:19,700 | INFO | Stage: train
2026-03-04 19:39:07,876 | INFO | Epoch 1 | train_loss=1.3118 val_loss=0.8171 | train_acc=0.4848 val_acc=0.6489 | train_f1=0.4780 val_f1=0.6036
2026-03-04 19:39:07,881 | INFO | Epoch 1 completed in 408.10s
2026-03-04 19:39:08,001 | INFO | Epoch 1 | sample input/output:
2026-03-04 19:39:08,002 | INFO | [1] input="rachel diligently learns at yale now" | true=studies_at | pred=studies_at | conf=0.5539
2026-03-04 19:39:08,002 | INFO | [2] input="paul was born in lisbon officially" | true=born_in | pred=born_in | conf=0.9317
2026-03-04 19:39:08,002 | INFO | [3] input="emma regularly handles jira effectively" | true=uses | pred=uses | conf=0.4632
2026-03-04 19:45:37,328 | INFO | Epoch 2 | train_loss=0.7601 val_loss=0.8940 | train_acc=0.7005 val_acc=0.7022 | train_f1=0.6989 val_f1=0.6653
2026-03-04 19:45:37,329 | INFO | Epoch 2 completed in 389.27s
2026-03-04 19:45:37,448 | INFO | Epoch 2 | sample input/output:
2026-03-04 19:45:37,448 | INFO | [1] input="rachel diligently learns at yale now" | true=studies_at | pred=studies_at | conf=0.6705
2026-03-04 19:45:37,449 | INFO | [2] input="paul was born in lisbon officially" | true=born_in | pred=born_in | conf=0.9655
2026-03-04 19:45:37,449 | INFO | [3] input="emma regularly handles jira effectively" | true=uses | pred=uses | conf=0.8248
2026-03-04 19:53:36,060 | INFO | Epoch 3 | train_loss=0.7781 val_loss=0.5661 | train_acc=0.7143 val_acc=0.7600 | train_f1=0.7105 val_f1=0.7608
2026-03-04 19:53:36,072 | INFO | Epoch 3 completed in 478.60s
2026-03-04 19:53:36,196 | INFO | Epoch 3 | sample input/output:
2026-03-04 19:53:36,199 | INFO | [1] input="rachel diligently learns at yale now" | true=studies_at | pred=studies_at | conf=0.7431
2026-03-04 19:53:36,200 | INFO | [2] input="paul was born in lisbon officially" | true=born_in | pred=born_in | conf=0.9988
2026-03-04 19:53:36,200 | INFO | [3] input="emma regularly handles jira effectively" | true=uses | pred=works_at | conf=0.4303
2026-03-04 20:01:14,110 | INFO | Epoch 4 | train_loss=0.6393 val_loss=0.6948 | train_acc=0.7519 val_acc=0.7822 | train_f1=0.7535 val_f1=0.7586
2026-03-04 20:01:14,113 | INFO | Epoch 4 completed in 457.86s
2026-03-04 20:01:14,250 | INFO | Epoch 4 | sample input/output:
2026-03-04 20:01:14,252 | INFO | [1] input="rachel diligently learns at yale now" | true=studies_at | pred=married_to | conf=0.9869
2026-03-04 20:01:14,252 | INFO | [2] input="paul was born in lisbon officially" | true=born_in | pred=born_in | conf=0.9998
2026-03-04 20:01:14,253 | INFO | [3] input="emma regularly handles jira effectively" | true=uses | pred=uses | conf=0.5775
2026-03-04 20:08:06,021 | INFO | Epoch 5 | train_loss=0.7763 val_loss=0.5938 | train_acc=0.7086 val_acc=0.7489 | train_f1=0.7071 val_f1=0.7394
2026-03-04 20:08:06,022 | INFO | Epoch 5 completed in 411.77s
2026-03-04 20:08:06,151 | INFO | Epoch 5 | sample input/output:
2026-03-04 20:08:06,152 | INFO | [1] input="rachel diligently learns at yale now" | true=studies_at | pred=uses | conf=0.5721
2026-03-04 20:08:06,152 | INFO | [2] input="paul was born in lisbon officially" | true=born_in | pred=born_in | conf=0.9910
2026-03-04 20:08:06,153 | INFO | [3] input="emma regularly handles jira effectively" | true=uses | pred=uses | conf=0.4674
2026-03-04 20:15:20,852 | INFO | Epoch 6 | train_loss=0.7364 val_loss=0.5665 | train_acc=0.7143 val_acc=0.7733 | train_f1=0.7124 val_f1=0.7667
2026-03-04 20:15:20,855 | INFO | Epoch 6 completed in 434.70s
2026-03-04 20:15:20,997 | INFO | Epoch 6 | sample input/output:
2026-03-04 20:15:20,998 | INFO | [1] input="rachel diligently learns at yale now" | true=studies_at | pred=studies_at | conf=0.8361
2026-03-04 20:15:20,998 | INFO | [2] input="paul was born in lisbon officially" | true=born_in | pred=born_in | conf=0.9997
2026-03-04 20:15:20,999 | INFO | [3] input="emma regularly handles jira effectively" | true=uses | pred=works_at | conf=0.4063
2026-03-04 20:22:09,252 | INFO | Epoch 7 | train_loss=0.5453 val_loss=0.3460 | train_acc=0.7943 val_acc=0.8578 | train_f1=0.7950 val_f1=0.8488
2026-03-04 20:22:09,252 | INFO | Epoch 7 completed in 408.21s
2026-03-04 20:22:09,378 | INFO | Epoch 7 | sample input/output:
2026-03-04 20:22:09,379 | INFO | [1] input="rachel diligently learns at yale now" | true=studies_at | pred=studies_at | conf=0.9191
2026-03-04 20:22:09,379 | INFO | [2] input="paul was born in lisbon officially" | true=born_in | pred=born_in | conf=0.9446
2026-03-04 20:22:09,379 | INFO | [3] input="emma regularly handles jira effectively" | true=uses | pred=uses | conf=0.5113
2026-03-04 20:30:26,504 | INFO | Epoch 8 | train_loss=0.5041 val_loss=0.4119 | train_acc=0.8043 val_acc=0.8533 | train_f1=0.8033 val_f1=0.8451
2026-03-04 20:30:26,506 | INFO | Epoch 8 completed in 497.05s
2026-03-04 20:30:26,644 | INFO | Epoch 8 | sample input/output:
2026-03-04 20:30:26,645 | INFO | [1] input="rachel diligently learns at yale now" | true=studies_at | pred=studies_at | conf=0.9727
2026-03-04 20:30:26,645 | INFO | [2] input="paul was born in lisbon officially" | true=born_in | pred=born_in | conf=0.9310
2026-03-04 20:30:26,646 | INFO | [3] input="emma regularly handles jira effectively" | true=uses | pred=uses | conf=0.5972
2026-03-04 20:40:53,468 | INFO | Epoch 9 | train_loss=0.5002 val_loss=0.3357 | train_acc=0.8110 val_acc=0.8689 | train_f1=0.8120 val_f1=0.8738
2026-03-04 20:40:53,479 | INFO | Epoch 9 completed in 626.83s
2026-03-04 20:40:53,980 | INFO | Epoch 9 | sample input/output:
2026-03-04 20:40:53,984 | INFO | [1] input="rachel diligently learns at yale now" | true=studies_at | pred=studies_at | conf=0.9458
2026-03-04 20:40:53,985 | INFO | [2] input="paul was born in lisbon officially" | true=born_in | pred=born_in | conf=1.0000
2026-03-04 20:40:53,988 | INFO | [3] input="emma regularly handles jira effectively" | true=uses | pred=works_at | conf=0.5885
2026-03-04 20:58:31,756 | INFO | Epoch 10 | train_loss=0.4915 val_loss=0.3562 | train_acc=0.8090 val_acc=0.8444 | train_f1=0.8109 val_f1=0.8406
2026-03-04 20:58:31,767 | INFO | Epoch 10 completed in 1057.72s
2026-03-04 20:58:32,315 | INFO | Epoch 10 | sample input/output:
2026-03-04 20:58:32,319 | INFO | [1] input="rachel diligently learns at yale now" | true=studies_at | pred=studies_at | conf=0.9964
2026-03-04 20:58:32,324 | INFO | [2] input="paul was born in lisbon officially" | true=born_in | pred=born_in | conf=0.9999
2026-03-04 20:58:32,328 | INFO | [3] input="emma regularly handles jira effectively" | true=uses | pred=works_at | conf=0.4383
2026-03-04 21:08:04,202 | INFO | Epoch 11 | train_loss=0.3878 val_loss=0.2976 | train_acc=0.8505 val_acc=0.8844 | train_f1=0.8517 val_f1=0.8851
2026-03-04 21:08:04,213 | INFO | Epoch 11 completed in 571.88s
2026-03-04 21:08:04,351 | INFO | Epoch 11 | sample input/output:
2026-03-04 21:08:04,352 | INFO | [1] input="rachel diligently learns at yale now" | true=studies_at | pred=studies_at | conf=0.9778
2026-03-04 21:08:04,352 | INFO | [2] input="paul was born in lisbon officially" | true=born_in | pred=born_in | conf=1.0000
2026-03-04 21:08:04,353 | INFO | [3] input="emma regularly handles jira effectively" | true=uses | pred=uses | conf=0.4749
2026-03-04 21:14:56,058 | INFO | Epoch 12 | train_loss=0.3699 val_loss=0.2317 | train_acc=0.8500 val_acc=0.9067 | train_f1=0.8499 val_f1=0.8993
2026-03-04 21:14:56,062 | INFO | Epoch 12 completed in 411.59s
2026-03-04 21:14:56,200 | INFO | Epoch 12 | sample input/output:
2026-03-04 21:14:56,202 | INFO | [1] input="rachel diligently learns at yale now" | true=studies_at | pred=studies_at | conf=0.9695
2026-03-04 21:14:56,202 | INFO | [2] input="paul was born in lisbon officially" | true=born_in | pred=born_in | conf=1.0000
2026-03-04 21:14:56,203 | INFO | [3] input="emma regularly handles jira effectively" | true=uses | pred=uses | conf=0.5881
2026-03-04 21:21:47,842 | INFO | Epoch 13 | train_loss=0.4339 val_loss=0.3287 | train_acc=0.8252 val_acc=0.8489 | train_f1=0.8281 val_f1=0.8534
2026-03-04 21:21:47,847 | INFO | Epoch 13 completed in 411.55s
2026-03-04 21:21:47,973 | INFO | Epoch 13 | sample input/output:
2026-03-04 21:21:47,975 | INFO | [1] input="rachel diligently learns at yale now" | true=studies_at | pred=studies_at | conf=0.9986
2026-03-04 21:21:47,976 | INFO | [2] input="paul was born in lisbon officially" | true=born_in | pred=born_in | conf=1.0000
2026-03-04 21:21:47,976 | INFO | [3] input="emma regularly handles jira effectively" | true=uses | pred=works_at | conf=0.5566
2026-03-04 21:28:32,667 | INFO | Epoch 14 | train_loss=0.3561 val_loss=0.2385 | train_acc=0.8510 val_acc=0.9111 | train_f1=0.8513 val_f1=0.9089
2026-03-04 21:28:32,668 | INFO | Epoch 14 completed in 404.69s
2026-03-04 21:28:32,798 | INFO | Epoch 14 | sample input/output:
2026-03-04 21:28:32,798 | INFO | [1] input="rachel diligently learns at yale now" | true=studies_at | pred=studies_at | conf=0.5091
2026-03-04 21:28:32,798 | INFO | [2] input="paul was born in lisbon officially" | true=born_in | pred=born_in | conf=1.0000
2026-03-04 21:28:32,799 | INFO | [3] input="emma regularly handles jira effectively" | true=uses | pred=uses | conf=0.5276
2026-03-04 21:35:20,362 | INFO | Epoch 15 | train_loss=0.3354 val_loss=0.2437 | train_acc=0.8733 val_acc=0.8756 | train_f1=0.8748 val_f1=0.8723
2026-03-04 21:35:20,368 | INFO | Epoch 15 completed in 407.46s
2026-03-04 21:35:20,486 | INFO | Epoch 15 | sample input/output:
2026-03-04 21:35:20,487 | INFO | [1] input="rachel diligently learns at yale now" | true=studies_at | pred=studies_at | conf=0.9476
2026-03-04 21:35:20,487 | INFO | [2] input="paul was born in lisbon officially" | true=born_in | pred=born_in | conf=1.0000
2026-03-04 21:35:20,488 | INFO | [3] input="emma regularly handles jira effectively" | true=uses | pred=uses | conf=0.6186
2026-03-04 21:41:49,558 | INFO | Epoch 16 | train_loss=0.4799 val_loss=0.5693 | train_acc=0.8052 val_acc=0.8022 | train_f1=0.8066 val_f1=0.7894
2026-03-04 21:41:49,559 | INFO | Epoch 16 completed in 389.07s
2026-03-04 21:41:49,683 | INFO | Epoch 16 | sample input/output:
2026-03-04 21:41:49,683 | INFO | [1] input="rachel diligently learns at yale now" | true=studies_at | pred=studies_at | conf=0.8335
2026-03-04 21:41:49,684 | INFO | [2] input="paul was born in lisbon officially" | true=born_in | pred=born_in | conf=1.0000
2026-03-04 21:41:49,684 | INFO | [3] input="emma regularly handles jira effectively" | true=uses | pred=uses | conf=0.2682
2026-03-04 21:48:18,039 | INFO | Epoch 17 | train_loss=0.6041 val_loss=0.3785 | train_acc=0.7681 val_acc=0.8444 | train_f1=0.7705 val_f1=0.8050
2026-03-04 21:48:18,040 | INFO | Epoch 17 completed in 388.36s
2026-03-04 21:48:18,152 | INFO | Epoch 17 | sample input/output:
2026-03-04 21:48:18,153 | INFO | [1] input="rachel diligently learns at yale now" | true=studies_at | pred=studies_at | conf=0.9950
2026-03-04 21:48:18,153 | INFO | [2] input="paul was born in lisbon officially" | true=born_in | pred=born_in | conf=0.9997
2026-03-04 21:48:18,154 | INFO | [3] input="emma regularly handles jira effectively" | true=uses | pred=uses | conf=0.7709
2026-03-04 21:54:51,250 | INFO | Epoch 18 | train_loss=0.6379 val_loss=0.5044 | train_acc=0.7567 val_acc=0.8000 | train_f1=0.7592 val_f1=0.7929
2026-03-04 21:54:51,252 | INFO | Epoch 18 completed in 393.10s
2026-03-04 21:54:51,374 | INFO | Epoch 18 | sample input/output:
2026-03-04 21:54:51,375 | INFO | [1] input="rachel diligently learns at yale now" | true=studies_at | pred=studies_at | conf=0.6195
2026-03-04 21:54:51,375 | INFO | [2] input="paul was born in lisbon officially" | true=born_in | pred=born_in | conf=1.0000
2026-03-04 21:54:51,375 | INFO | [3] input="emma regularly handles jira effectively" | true=uses | pred=uses | conf=0.5415
2026-03-04 22:01:21,056 | INFO | Epoch 19 | train_loss=0.7220 val_loss=0.7585 | train_acc=0.7390 val_acc=0.7200 | train_f1=0.7389 val_f1=0.7198
2026-03-04 22:01:21,057 | INFO | Epoch 19 completed in 389.68s
2026-03-04 22:01:21,242 | INFO | Epoch 19 | sample input/output:
2026-03-04 22:01:21,243 | INFO | [1] input="rachel diligently learns at yale now" | true=studies_at | pred=studies_at | conf=0.7314
2026-03-04 22:01:21,243 | INFO | [2] input="paul was born in lisbon officially" | true=born_in | pred=born_in | conf=1.0000
2026-03-04 22:01:21,244 | INFO | [3] input="emma regularly handles jira effectively" | true=uses | pred=uses | conf=0.3747
2026-03-04 22:08:10,563 | INFO | Epoch 20 | train_loss=0.7059 val_loss=0.5735 | train_acc=0.7329 val_acc=0.7444 | train_f1=0.7340 val_f1=0.7245
2026-03-04 22:08:10,569 | INFO | Epoch 20 completed in 409.33s
2026-03-04 22:08:10,683 | INFO | Epoch 20 | sample input/output:
2026-03-04 22:08:10,684 | INFO | [1] input="rachel diligently learns at yale now" | true=studies_at | pred=studies_at | conf=0.6348
2026-03-04 22:08:10,684 | INFO | [2] input="paul was born in lisbon officially" | true=born_in | pred=born_in | conf=1.0000
2026-03-04 22:08:10,685 | INFO | [3] input="emma regularly handles jira effectively" | true=uses | pred=studies_at | conf=0.6382
2026-03-04 22:14:45,221 | INFO | Epoch 21 | train_loss=0.5633 val_loss=0.3766 | train_acc=0.7776 val_acc=0.8422 | train_f1=0.7789 val_f1=0.8327
2026-03-04 22:14:45,222 | INFO | Epoch 21 completed in 394.54s
2026-03-04 22:14:45,350 | INFO | Epoch 21 | sample input/output:
2026-03-04 22:14:45,351 | INFO | [1] input="rachel diligently learns at yale now" | true=studies_at | pred=works_at | conf=0.4460
2026-03-04 22:14:45,352 | INFO | [2] input="paul was born in lisbon officially" | true=born_in | pred=born_in | conf=1.0000
2026-03-04 22:14:45,352 | INFO | [3] input="emma regularly handles jira effectively" | true=uses | pred=uses | conf=0.8150
2026-03-04 22:23:06,625 | INFO | Epoch 22 | train_loss=0.5705 val_loss=0.3300 | train_acc=0.7938 val_acc=0.8689 | train_f1=0.7964 val_f1=0.8742
2026-03-04 22:23:06,630 | INFO | Epoch 22 completed in 501.28s
2026-03-04 22:23:06,747 | INFO | Epoch 22 | sample input/output:
2026-03-04 22:23:06,749 | INFO | [1] input="rachel diligently learns at yale now" | true=studies_at | pred=studies_at | conf=0.7393
2026-03-04 22:23:06,749 | INFO | [2] input="paul was born in lisbon officially" | true=born_in | pred=born_in | conf=1.0000
2026-03-04 22:23:06,750 | INFO | [3] input="emma regularly handles jira effectively" | true=uses | pred=uses | conf=0.8981
2026-03-04 22:23:06,750 | INFO | Early stopping at epoch 22 (best epoch=14, best val_f1=0.9089).
2026-03-04 22:23:06,952 | INFO | Loaded best checkpoint from epoch 14.
2026-03-04 22:23:06,968 | INFO | Stage complete: train | elapsed=10247.27s
2026-03-04 22:23:06,968 | INFO | Stage: evaluate_and_export
2026-03-04 22:30:06,712 | INFO | Final test metrics: {'loss': 0.26852041482925415, 'accuracy': 0.8777777777777778, 'precision_macro': 0.8826761507946177, 'recall_macro': 0.8777777777777779, 'f1_macro': 0.8763017173956553, 'precision_micro': 0.8777777777777778, 'recall_micro': 0.8777777777777778, 'f1_micro': 0.8777777777777778, 'num_classes': 10.0}
2026-03-04 22:30:06,717 | INFO | Stage complete: evaluate_and_export | elapsed=419.75s
2026-03-04 22:30:06,717 | INFO | Artifacts saved in: runs\lambeq_relation_20260304_193030
